<?xml version="1.0" encoding="UTF-8"?>
<!-- Generated by org.testng.reporters.JUnitReportReporter -->
<testsuite hostname="ZA-5CD350K5XK" failures="0" tests="11" name="tests.HomePageTest" time="82.305" errors="0" timestamp="2024-08-14T18:50:52 SAST" skipped="0">
  <testcase classname="tests.HomePageTest" name="verifyTitle" time="2.738"/>
  <testcase classname="tests.HomePageTest" name="verifySearchFunctionality" time="4.700"/>
  <testcase classname="tests.HomePageTest" name="verifySearchFunctionality" time="25.858"/>
  <testcase classname="tests.HomePageTest" name="verifySearchFunctionality" time="8.503"/>
  <testcase classname="tests.HomePageTest" name="verifySearchFunctionality" time="4.240"/>
  <testcase classname="tests.HomePageTest" name="verifySearchFunctionality" time="8.464"/>
  <testcase classname="tests.HomePageTest" name="verifySearchFunctionality" time="5.945"/>
  <testcase classname="tests.HomePageTest" name="verifySearchFunctionality" time="4.188"/>
  <testcase classname="tests.HomePageTest" name="verifySearchFunctionality" time="7.391"/>
  <testcase classname="tests.HomePageTest" name="verifySearchFunctionality" time="4.215"/>
  <testcase classname="tests.HomePageTest" name="verifySearchFunctionality" time="6.063"/>
</testsuite> <!-- tests.HomePageTest -->
