<?xml version="1.0" encoding="UTF-8"?>
<!-- Generated by org.testng.reporters.JUnitReportReporter -->
<testsuite hostname="ZA-5CD350K5XK" failures="0" tests="6" name="tests.ProductsPageTest" time="230.969" errors="0" timestamp="2024-08-15T02:16:01 SAST" skipped="5">
  <testcase classname="tests.ProductsPageTest" name="verifyProductAddToCart" time="230.969"/>
  <testcase classname="tests.ProductsPageTest" name="verifyGetProductByPrice">
    <skipped/>
  </testcase> <!-- verifyGetProductByPrice -->
  <testcase classname="tests.ProductsPageTest" name="verifyProductDetails">
    <skipped/>
  </testcase> <!-- verifyProductDetails -->
  <testcase classname="tests.ProductsPageTest" name="verifyIsResultsVisible">
    <skipped/>
  </testcase> <!-- verifyIsResultsVisible -->
  <testcase classname="tests.ProductsPageTest" name="verifyFilteredProducts">
    <skipped/>
  </testcase> <!-- verifyFilteredProducts -->
  <testcase classname="tests.ProductsPageTest" name="verifyProductsRetrieval">
    <skipped/>
  </testcase> <!-- verifyProductsRetrieval -->
</testsuite> <!-- tests.ProductsPageTest -->
