<?xml version="1.0" encoding="UTF-8"?>
<!-- Generated by org.testng.reporters.JUnitReportReporter -->
<testsuite hostname="ZA-5CD350K5XK" failures="0" tests="14" name="tests.HomePageTest" time="123.547" errors="0" timestamp="2024-08-21T11:19:53 SAST" skipped="0">
  <testcase classname="tests.HomePageTest" name="verifyTitle" time="0.735"/>
  <testcase classname="tests.HomePageTest" name="verifyNavigateToRegister" time="2.246"/>
  <testcase classname="tests.HomePageTest" name="verifyNavigateToLogin" time="2.575"/>
  <testcase classname="tests.HomePageTest" name="verifyNavigateToCart" time="7.743"/>
  <testcase classname="tests.HomePageTest" name="verifySearchFunctionality" time="5.863"/>
  <testcase classname="tests.HomePageTest" name="verifySearchFunctionality" time="21.812"/>
  <testcase classname="tests.HomePageTest" name="verifySearchFunctionality" time="20.571"/>
  <testcase classname="tests.HomePageTest" name="verifySearchFunctionality" time="8.134"/>
  <testcase classname="tests.HomePageTest" name="verifySearchFunctionality" time="21.328"/>
  <testcase classname="tests.HomePageTest" name="verifySearchFunctionality" time="5.622"/>
  <testcase classname="tests.HomePageTest" name="verifySearchFunctionality" time="9.030"/>
  <testcase classname="tests.HomePageTest" name="verifySearchFunctionality" time="6.512"/>
  <testcase classname="tests.HomePageTest" name="verifySearchFunctionality" time="5.588"/>
  <testcase classname="tests.HomePageTest" name="verifySearchFunctionality" time="5.788"/>
</testsuite> <!-- tests.HomePageTest -->
