<?xml version="1.0" encoding="UTF-8"?>
<!-- Generated by org.testng.reporters.JUnitReportReporter -->
<testsuite hostname="ZA-5CD350K5XK" failures="0" tests="15" name="tests.HomePageTest" time="0.047" errors="1" timestamp="2024-08-18T15:39:36 SAST" skipped="14">
  <testcase classname="tests.HomePageTest" name="verifyTitle" time="0.000">
    <skipped/>
  </testcase> <!-- verifyTitle -->
  <testcase classname="tests.HomePageTest" name="setUp" time="0.047">
    <error message="WebDriver must be set" type="java.lang.IllegalArgumentException">
      <![CDATA[java.lang.IllegalArgumentException: WebDriver must be set
at org.openqa.selenium.internal.Require.nonNull(Require.java:61)
at org.openqa.selenium.support.decorators.WebDriverDecorator.decorate(WebDriverDecorator.java:200)
at tests.HomePageTest.setUp(HomePageTest.java:38)
at java.base/jdk.internal.reflect.NativeMethodAccessorImpl.invoke0(Native Method)
at java.base/jdk.internal.reflect.NativeMethodAccessorImpl.invoke(NativeMethodAccessorImpl.java:77)
at java.base/jdk.internal.reflect.DelegatingMethodAccessorImpl.invoke(DelegatingMethodAccessorImpl.java:43)
at java.base/java.lang.reflect.Method.invoke(Method.java:568)
at org.testng.internal.invokers.MethodInvocationHelper.invokeMethod(MethodInvocationHelper.java:141)
at org.testng.internal.invokers.MethodInvocationHelper.invokeMethodConsideringTimeout(MethodInvocationHelper.java:71)
at org.testng.internal.invokers.ConfigInvoker.invokeConfigurationMethod(ConfigInvoker.java:400)
at org.testng.internal.invokers.ConfigInvoker.invokeConfigurations(ConfigInvoker.java:333)
at org.testng.internal.invokers.TestMethodWorker.invokeBeforeClassMethods(TestMethodWorker.java:188)
at org.testng.internal.invokers.TestMethodWorker.run(TestMethodWorker.java:128)
at java.base/java.util.ArrayList.forEach(ArrayList.java:1511)
at org.testng.TestRunner.privateRun(TestRunner.java:739)
at org.testng.TestRunner.run(TestRunner.java:614)
at org.testng.SuiteRunner.runTest(SuiteRunner.java:421)
at org.testng.SuiteRunner.runSequentially(SuiteRunner.java:413)
at org.testng.SuiteRunner.privateRun(SuiteRunner.java:373)
at org.testng.SuiteRunner.run(SuiteRunner.java:312)
at org.testng.SuiteRunnerWorker.runSuite(SuiteRunnerWorker.java:52)
at org.testng.SuiteRunnerWorker.run(SuiteRunnerWorker.java:95)
at org.testng.TestNG.runSuitesSequentially(TestNG.java:1274)
at org.testng.TestNG.runSuitesLocally(TestNG.java:1208)
at org.testng.TestNG.runSuites(TestNG.java:1112)
at org.testng.TestNG.run(TestNG.java:1079)
at org.testng.remote.AbstractRemoteTestNG.run(AbstractRemoteTestNG.java:115)
at org.testng.remote.RemoteTestNG.initAndRun(RemoteTestNG.java:293)
at org.testng.remote.RemoteTestNG.main(RemoteTestNG.java:91)
]]>
    </error>
  </testcase> <!-- setUp -->
  <testcase classname="tests.HomePageTest" name="testNavigateToRegister" time="0.000">
    <skipped/>
  </testcase> <!-- testNavigateToRegister -->
  <testcase classname="tests.HomePageTest" name="testNavigateToLogin" time="0.000">
    <skipped/>
  </testcase> <!-- testNavigateToLogin -->
  <testcase classname="tests.HomePageTest" name="testNavigateToCart" time="0.000">
    <skipped/>
  </testcase> <!-- testNavigateToCart -->
  <testcase classname="tests.HomePageTest" name="verifySearchFunctionality" time="0.000">
    <skipped/>
  </testcase> <!-- verifySearchFunctionality -->
  <testcase classname="tests.HomePageTest" name="verifySearchFunctionality" time="0.000">
    <skipped/>
  </testcase> <!-- verifySearchFunctionality -->
  <testcase classname="tests.HomePageTest" name="verifySearchFunctionality" time="0.000">
    <skipped/>
  </testcase> <!-- verifySearchFunctionality -->
  <testcase classname="tests.HomePageTest" name="verifySearchFunctionality" time="0.000">
    <skipped/>
  </testcase> <!-- verifySearchFunctionality -->
  <testcase classname="tests.HomePageTest" name="verifySearchFunctionality" time="0.000">
    <skipped/>
  </testcase> <!-- verifySearchFunctionality -->
  <testcase classname="tests.HomePageTest" name="verifySearchFunctionality" time="0.000">
    <skipped/>
  </testcase> <!-- verifySearchFunctionality -->
  <testcase classname="tests.HomePageTest" name="verifySearchFunctionality" time="0.000">
    <skipped/>
  </testcase> <!-- verifySearchFunctionality -->
  <testcase classname="tests.HomePageTest" name="verifySearchFunctionality" time="0.000">
    <skipped/>
  </testcase> <!-- verifySearchFunctionality -->
  <testcase classname="tests.HomePageTest" name="verifySearchFunctionality" time="0.000">
    <skipped/>
  </testcase> <!-- verifySearchFunctionality -->
  <testcase classname="tests.HomePageTest" name="verifySearchFunctionality" time="0.000">
    <skipped/>
  </testcase> <!-- verifySearchFunctionality -->
</testsuite> <!-- tests.HomePageTest -->
