<?xml version="1.0" encoding="UTF-8"?>
<!-- Generated by org.testng.reporters.JUnitReportReporter -->
<testsuite hostname="ZA-5CD350K5XK" failures="0" tests="14" name="tests.HomePageTest" time="337.750" errors="0" timestamp="2024-08-18T20:04:22 SAST" skipped="0">
  <testcase classname="tests.HomePageTest" name="verifyTitle" time="0.385"/>
  <testcase classname="tests.HomePageTest" name="testNavigateToRegister" time="9.858"/>
  <testcase classname="tests.HomePageTest" name="testNavigateToLogin" time="10.112"/>
  <testcase classname="tests.HomePageTest" name="testNavigateToCart" time="8.097"/>
  <testcase classname="tests.HomePageTest" name="verifySearchFunctionality" time="47.054"/>
  <testcase classname="tests.HomePageTest" name="verifySearchFunctionality" time="28.795"/>
  <testcase classname="tests.HomePageTest" name="verifySearchFunctionality" time="31.098"/>
  <testcase classname="tests.HomePageTest" name="verifySearchFunctionality" time="30.147"/>
  <testcase classname="tests.HomePageTest" name="verifySearchFunctionality" time="17.639"/>
  <testcase classname="tests.HomePageTest" name="verifySearchFunctionality" time="19.017"/>
  <testcase classname="tests.HomePageTest" name="verifySearchFunctionality" time="13.868"/>
  <testcase classname="tests.HomePageTest" name="verifySearchFunctionality" time="29.486"/>
  <testcase classname="tests.HomePageTest" name="verifySearchFunctionality" time="19.906"/>
  <testcase classname="tests.HomePageTest" name="verifySearchFunctionality" time="72.288"/>
</testsuite> <!-- tests.HomePageTest -->
