<?xml version="1.0" encoding="UTF-8"?>
<!-- Generated by org.testng.reporters.JUnitReportReporter -->
<testsuite hostname="ZA-5CD350K5XK" failures="0" tests="14" name="tests.HomePageTest" time="110.134" errors="0" timestamp="2024-08-15T18:00:50 SAST" skipped="0">
  <testcase classname="tests.HomePageTest" name="verifyTitle" time="2.879"/>
  <testcase classname="tests.HomePageTest" name="testNavigateToRegister" time="3.063"/>
  <testcase classname="tests.HomePageTest" name="testNavigateToLogin" time="2.082"/>
  <testcase classname="tests.HomePageTest" name="testNavigateToCart" time="4.177"/>
  <testcase classname="tests.HomePageTest" name="verifySearchFunctionality" time="5.765"/>
  <testcase classname="tests.HomePageTest" name="verifySearchFunctionality" time="4.166"/>
  <testcase classname="tests.HomePageTest" name="verifySearchFunctionality" time="6.904"/>
  <testcase classname="tests.HomePageTest" name="verifySearchFunctionality" time="13.390"/>
  <testcase classname="tests.HomePageTest" name="verifySearchFunctionality" time="3.466"/>
  <testcase classname="tests.HomePageTest" name="verifySearchFunctionality" time="4.572"/>
  <testcase classname="tests.HomePageTest" name="verifySearchFunctionality" time="41.370"/>
  <testcase classname="tests.HomePageTest" name="verifySearchFunctionality" time="7.531"/>
  <testcase classname="tests.HomePageTest" name="verifySearchFunctionality" time="5.425"/>
  <testcase classname="tests.HomePageTest" name="verifySearchFunctionality" time="5.344"/>
</testsuite> <!-- tests.HomePageTest -->
