<?xml version="1.0" encoding="UTF-8"?>
<!-- Generated by org.testng.reporters.JUnitReportReporter -->
<testsuite hostname="ZA-5CD350K5XK" failures="1" tests="14" name="tests.HomePageTest" time="318.018" errors="0" timestamp="2024-08-18T23:44:17 SAST" skipped="0">
  <testcase classname="tests.HomePageTest" name="verifyTitle" time="4.256"/>
  <testcase classname="tests.HomePageTest" name="testNavigateToRegister" time="9.430"/>
  <testcase classname="tests.HomePageTest" name="testNavigateToLogin" time="7.966"/>
  <testcase classname="tests.HomePageTest" name="testNavigateToCart" time="16.495">
    <failure message="Cart page should be visible. expected [true] but found [false]" type="java.lang.AssertionError">
      <![CDATA[java.lang.AssertionError: Cart page should be visible. expected [true] but found [false]
at org.testng.Assert.fail(Assert.java:111)
at org.testng.Assert.failNotEquals(Assert.java:1578)
at org.testng.Assert.assertTrue(Assert.java:57)
at tests.HomePageTest.testNavigateToCart(HomePageTest.java:108)
at java.base/jdk.internal.reflect.NativeMethodAccessorImpl.invoke0(Native Method)
at java.base/jdk.internal.reflect.NativeMethodAccessorImpl.invoke(NativeMethodAccessorImpl.java:77)
at java.base/jdk.internal.reflect.DelegatingMethodAccessorImpl.invoke(DelegatingMethodAccessorImpl.java:43)
at java.base/java.lang.reflect.Method.invoke(Method.java:568)
at org.testng.internal.invokers.MethodInvocationHelper.invokeMethod(MethodInvocationHelper.java:141)
at org.testng.internal.invokers.TestInvoker.invokeMethod(TestInvoker.java:686)
at org.testng.internal.invokers.TestInvoker.invokeTestMethod(TestInvoker.java:230)
at org.testng.internal.invokers.MethodRunner.runInSequence(MethodRunner.java:63)
at org.testng.internal.invokers.TestInvoker$MethodInvocationAgent.invoke(TestInvoker.java:992)
at org.testng.internal.invokers.TestInvoker.invokeTestMethods(TestInvoker.java:203)
at org.testng.internal.invokers.TestMethodWorker.invokeTestMethods(TestMethodWorker.java:154)
at org.testng.internal.invokers.TestMethodWorker.run(TestMethodWorker.java:134)
at java.base/java.util.ArrayList.forEach(ArrayList.java:1511)
at org.testng.TestRunner.privateRun(TestRunner.java:739)
at org.testng.TestRunner.run(TestRunner.java:614)
at org.testng.SuiteRunner.runTest(SuiteRunner.java:421)
at org.testng.SuiteRunner.runSequentially(SuiteRunner.java:413)
at org.testng.SuiteRunner.privateRun(SuiteRunner.java:373)
at org.testng.SuiteRunner.run(SuiteRunner.java:312)
at org.testng.SuiteRunnerWorker.runSuite(SuiteRunnerWorker.java:52)
at org.testng.SuiteRunnerWorker.run(SuiteRunnerWorker.java:95)
at org.testng.TestNG.runSuitesSequentially(TestNG.java:1274)
at org.testng.TestNG.runSuitesLocally(TestNG.java:1208)
at org.testng.TestNG.runSuites(TestNG.java:1112)
at org.testng.TestNG.run(TestNG.java:1079)
at org.testng.remote.AbstractRemoteTestNG.run(AbstractRemoteTestNG.java:115)
at org.testng.remote.RemoteTestNG.initAndRun(RemoteTestNG.java:293)
at org.testng.remote.RemoteTestNG.main(RemoteTestNG.java:91)
]]>
    </failure>
  </testcase> <!-- testNavigateToCart -->
  <testcase classname="tests.HomePageTest" name="verifySearchFunctionality" time="28.795"/>
  <testcase classname="tests.HomePageTest" name="verifySearchFunctionality" time="44.449"/>
  <testcase classname="tests.HomePageTest" name="verifySearchFunctionality" time="13.997"/>
  <testcase classname="tests.HomePageTest" name="verifySearchFunctionality" time="21.401"/>
  <testcase classname="tests.HomePageTest" name="verifySearchFunctionality" time="14.254"/>
  <testcase classname="tests.HomePageTest" name="verifySearchFunctionality" time="28.465"/>
  <testcase classname="tests.HomePageTest" name="verifySearchFunctionality" time="14.425"/>
  <testcase classname="tests.HomePageTest" name="verifySearchFunctionality" time="70.835"/>
  <testcase classname="tests.HomePageTest" name="verifySearchFunctionality" time="14.377"/>
  <testcase classname="tests.HomePageTest" name="verifySearchFunctionality" time="28.873"/>
</testsuite> <!-- tests.HomePageTest -->
