<?xml version="1.0" encoding="UTF-8"?>
<!-- Generated by org.testng.reporters.JUnitReportReporter -->
<testsuite hostname="ZA-5CD350K5XK" failures="0" tests="11" name="tests.RegistrationPageTest" time="101.497" errors="0" timestamp="2024-08-21T15:19:23 SAST" skipped="0">
  <testcase classname="tests.RegistrationPageTest" name="verifyRegistration" time="7.784"/>
  <testcase classname="tests.RegistrationPageTest" name="verifyRegistration" time="8.032"/>
  <testcase classname="tests.RegistrationPageTest" name="verifyRegistration" time="9.047"/>
  <testcase classname="tests.RegistrationPageTest" name="verifyRegistration" time="8.013"/>
  <testcase classname="tests.RegistrationPageTest" name="verifyRegistration" time="13.273"/>
  <testcase classname="tests.RegistrationPageTest" name="verifyRegistration" time="7.977"/>
  <testcase classname="tests.RegistrationPageTest" name="verifyRegistration" time="8.408"/>
  <testcase classname="tests.RegistrationPageTest" name="verifyRegistration" time="7.823"/>
  <testcase classname="tests.RegistrationPageTest" name="verifyRegistration" time="8.782"/>
  <testcase classname="tests.RegistrationPageTest" name="verifyRegistration" time="14.383"/>
  <testcase classname="tests.RegistrationPageTest" name="verifyRegistration" time="7.975"/>
</testsuite> <!-- tests.RegistrationPageTest -->
