<?xml version="1.0" encoding="UTF-8"?>
<!-- Generated by org.testng.reporters.JUnitReportReporter -->
<testsuite hostname="ZA-5CD350K5XK" failures="0" tests="14" name="tests.HomePageTest" time="129.125" errors="0" timestamp="2024-08-21T15:19:23 SAST" skipped="0">
  <testcase classname="tests.HomePageTest" name="verifyTitle" time="4.447"/>
  <testcase classname="tests.HomePageTest" name="verifyNavigateToRegister" time="3.526"/>
  <testcase classname="tests.HomePageTest" name="verifyNavigateToLogin" time="2.864"/>
  <testcase classname="tests.HomePageTest" name="verifyNavigateToCart" time="4.848"/>
  <testcase classname="tests.HomePageTest" name="verifySearchFunctionality" time="21.852"/>
  <testcase classname="tests.HomePageTest" name="verifySearchFunctionality" time="10.573"/>
  <testcase classname="tests.HomePageTest" name="verifySearchFunctionality" time="6.316"/>
  <testcase classname="tests.HomePageTest" name="verifySearchFunctionality" time="19.998"/>
  <testcase classname="tests.HomePageTest" name="verifySearchFunctionality" time="6.114"/>
  <testcase classname="tests.HomePageTest" name="verifySearchFunctionality" time="7.021"/>
  <testcase classname="tests.HomePageTest" name="verifySearchFunctionality" time="6.374"/>
  <testcase classname="tests.HomePageTest" name="verifySearchFunctionality" time="7.336"/>
  <testcase classname="tests.HomePageTest" name="verifySearchFunctionality" time="20.151"/>
  <testcase classname="tests.HomePageTest" name="verifySearchFunctionality" time="7.705"/>
</testsuite> <!-- tests.HomePageTest -->
