<?xml version="1.0" encoding="UTF-8"?>
<!-- Generated by org.testng.reporters.JUnitReportReporter -->
<testsuite hostname="ZA-5CD350K5XK" failures="0" tests="11" name="tests.RegistrationPageTest" time="361.392" errors="0" timestamp="2024-08-18T07:13:10 SAST" skipped="0">
  <testcase classname="tests.RegistrationPageTest" name="verifyRegistration" time="29.405"/>
  <testcase classname="tests.RegistrationPageTest" name="verifyRegistration" time="29.721"/>
  <testcase classname="tests.RegistrationPageTest" name="verifyRegistration" time="31.030"/>
  <testcase classname="tests.RegistrationPageTest" name="verifyRegistration" time="30.243"/>
  <testcase classname="tests.RegistrationPageTest" name="verifyRegistration" time="37.790"/>
  <testcase classname="tests.RegistrationPageTest" name="verifyRegistration" time="48.058"/>
  <testcase classname="tests.RegistrationPageTest" name="verifyRegistration" time="29.932"/>
  <testcase classname="tests.RegistrationPageTest" name="verifyRegistration" time="30.695"/>
  <testcase classname="tests.RegistrationPageTest" name="verifyRegistration" time="29.767"/>
  <testcase classname="tests.RegistrationPageTest" name="verifyRegistration" time="32.610"/>
  <testcase classname="tests.RegistrationPageTest" name="verifyRegistration" time="32.141"/>
</testsuite> <!-- tests.RegistrationPageTest -->
