<?xml version="1.0" encoding="UTF-8"?>
<!-- Generated by org.testng.reporters.JUnitReportReporter -->
<testsuite hostname="ZA-5CD350K5XK" failures="0" tests="11" name="tests.RegistrationPageTest" time="106.774" errors="0" timestamp="2024-08-26T09:29:52 SAST" skipped="0">
  <testcase classname="tests.RegistrationPageTest" name="verifyRegistration" time="9.145"/>
  <testcase classname="tests.RegistrationPageTest" name="verifyRegistration" time="8.779"/>
  <testcase classname="tests.RegistrationPageTest" name="verifyRegistration" time="8.296"/>
  <testcase classname="tests.RegistrationPageTest" name="verifyRegistration" time="8.110"/>
  <testcase classname="tests.RegistrationPageTest" name="verifyRegistration" time="8.487"/>
  <testcase classname="tests.RegistrationPageTest" name="verifyRegistration" time="8.600"/>
  <testcase classname="tests.RegistrationPageTest" name="verifyRegistration" time="7.880"/>
  <testcase classname="tests.RegistrationPageTest" name="verifyRegistration" time="17.360"/>
  <testcase classname="tests.RegistrationPageTest" name="verifyRegistration" time="10.157"/>
  <testcase classname="tests.RegistrationPageTest" name="verifyRegistration" time="8.961"/>
  <testcase classname="tests.RegistrationPageTest" name="verifyRegistration" time="10.999"/>
</testsuite> <!-- tests.RegistrationPageTest -->
