<?xml version="1.0" encoding="UTF-8"?>
<!-- Generated by org.testng.reporters.JUnitReportReporter -->
<testsuite hostname="ZA-5CD350K5XK" failures="0" tests="14" name="tests.HomePageTest" time="340.992" errors="0" timestamp="2024-08-21T08:52:07 SAST" skipped="0">
  <testcase classname="tests.HomePageTest" name="verifyTitle" time="0.903"/>
  <testcase classname="tests.HomePageTest" name="verifyNavigateToRegister" time="7.548"/>
  <testcase classname="tests.HomePageTest" name="verifyNavigateToLogin" time="8.216"/>
  <testcase classname="tests.HomePageTest" name="verifyNavigateToCart" time="8.748"/>
  <testcase classname="tests.HomePageTest" name="verifySearchFunctionality" time="34.059"/>
  <testcase classname="tests.HomePageTest" name="verifySearchFunctionality" time="34.816"/>
  <testcase classname="tests.HomePageTest" name="verifySearchFunctionality" time="87.380"/>
  <testcase classname="tests.HomePageTest" name="verifySearchFunctionality" time="14.794"/>
  <testcase classname="tests.HomePageTest" name="verifySearchFunctionality" time="14.993"/>
  <testcase classname="tests.HomePageTest" name="verifySearchFunctionality" time="33.103"/>
  <testcase classname="tests.HomePageTest" name="verifySearchFunctionality" time="49.410"/>
  <testcase classname="tests.HomePageTest" name="verifySearchFunctionality" time="14.424"/>
  <testcase classname="tests.HomePageTest" name="verifySearchFunctionality" time="17.035"/>
  <testcase classname="tests.HomePageTest" name="verifySearchFunctionality" time="15.563"/>
</testsuite> <!-- tests.HomePageTest -->
