<?xml version="1.0" encoding="UTF-8"?>
<!-- Generated by org.testng.reporters.JUnitReportReporter -->
<testsuite hostname="ZA-5CD350K5XK" failures="0" tests="11" name="tests.HomePageTest" time="76.973" errors="0" timestamp="2024-08-10T13:31:34 SAST" skipped="0">
  <testcase classname="tests.HomePageTest" name="verifyTitle" time="12.425"/>
  <testcase classname="tests.HomePageTest" name="verifySearchFunctionality" time="7.632"/>
  <testcase classname="tests.HomePageTest" name="verifySearchFunctionality" time="6.658"/>
  <testcase classname="tests.HomePageTest" name="verifySearchFunctionality" time="8.264"/>
  <testcase classname="tests.HomePageTest" name="verifySearchFunctionality" time="7.381"/>
  <testcase classname="tests.HomePageTest" name="verifySearchFunctionality" time="4.255"/>
  <testcase classname="tests.HomePageTest" name="verifySearchFunctionality" time="7.291"/>
  <testcase classname="tests.HomePageTest" name="verifySearchFunctionality" time="5.243"/>
  <testcase classname="tests.HomePageTest" name="verifySearchFunctionality" time="6.211"/>
  <testcase classname="tests.HomePageTest" name="verifySearchFunctionality" time="6.268"/>
  <testcase classname="tests.HomePageTest" name="verifySearchFunctionality" time="5.345"/>
</testsuite> <!-- tests.HomePageTest -->
