<?xml version="1.0" encoding="UTF-8"?>
<!-- Generated by org.testng.reporters.JUnitReportReporter -->
<testsuite hostname="ZA-5CD350K5XK" failures="0" tests="11" name="tests.RegistrationPageTest" time="123.083" errors="0" timestamp="2024-08-21T15:06:39 SAST" skipped="0">
  <testcase classname="tests.RegistrationPageTest" name="verifyRegistration" time="18.259"/>
  <testcase classname="tests.RegistrationPageTest" name="verifyRegistration" time="10.699"/>
  <testcase classname="tests.RegistrationPageTest" name="verifyRegistration" time="9.539"/>
  <testcase classname="tests.RegistrationPageTest" name="verifyRegistration" time="11.525"/>
  <testcase classname="tests.RegistrationPageTest" name="verifyRegistration" time="9.249"/>
  <testcase classname="tests.RegistrationPageTest" name="verifyRegistration" time="10.661"/>
  <testcase classname="tests.RegistrationPageTest" name="verifyRegistration" time="10.128"/>
  <testcase classname="tests.RegistrationPageTest" name="verifyRegistration" time="14.181"/>
  <testcase classname="tests.RegistrationPageTest" name="verifyRegistration" time="9.075"/>
  <testcase classname="tests.RegistrationPageTest" name="verifyRegistration" time="9.060"/>
  <testcase classname="tests.RegistrationPageTest" name="verifyRegistration" time="10.707"/>
</testsuite> <!-- tests.RegistrationPageTest -->
