<?xml version="1.0" encoding="UTF-8"?>
<!-- Generated by org.testng.reporters.JUnitReportReporter -->
<testsuite hostname="ZA-5CD350K5XK" failures="0" tests="11" name="tests.RegistrationPageTest" time="401.910" errors="0" timestamp="2024-08-21T08:52:07 SAST" skipped="0">
  <testcase classname="tests.RegistrationPageTest" name="verifyRegistration" time="32.782"/>
  <testcase classname="tests.RegistrationPageTest" name="verifyRegistration" time="34.609"/>
  <testcase classname="tests.RegistrationPageTest" name="verifyRegistration" time="32.750"/>
  <testcase classname="tests.RegistrationPageTest" name="verifyRegistration" time="41.194"/>
  <testcase classname="tests.RegistrationPageTest" name="verifyRegistration" time="33.235"/>
  <testcase classname="tests.RegistrationPageTest" name="verifyRegistration" time="32.675"/>
  <testcase classname="tests.RegistrationPageTest" name="verifyRegistration" time="39.428"/>
  <testcase classname="tests.RegistrationPageTest" name="verifyRegistration" time="32.115"/>
  <testcase classname="tests.RegistrationPageTest" name="verifyRegistration" time="29.847"/>
  <testcase classname="tests.RegistrationPageTest" name="verifyRegistration" time="42.422"/>
  <testcase classname="tests.RegistrationPageTest" name="verifyRegistration" time="50.853"/>
</testsuite> <!-- tests.RegistrationPageTest -->
