<?xml version="1.0" encoding="UTF-8"?>
<!-- Generated by org.testng.reporters.JUnitReportReporter -->
<testsuite hostname="ZA-5CD350K5XK" failures="0" tests="1" name="tests.HomePageTest" time="8.496" errors="0" timestamp="2024-08-18T07:35:32 SAST" skipped="0">
  <testcase classname="tests.HomePageTest" name="testNavigateToLogin" time="8.496"/>
</testsuite> <!-- tests.HomePageTest -->
