<?xml version="1.0" encoding="UTF-8"?>
<!-- Generated by org.testng.reporters.JUnitReportReporter -->
<testsuite hostname="ZA-5CD350K5XK" failures="0" tests="14" name="tests.HomePageTest" time="291.663" errors="0" timestamp="2024-08-19T15:05:36 SAST" skipped="0">
  <testcase classname="tests.HomePageTest" name="verifyTitle" time="0.854"/>
  <testcase classname="tests.HomePageTest" name="testNavigateToRegister" time="7.302"/>
  <testcase classname="tests.HomePageTest" name="testNavigateToLogin" time="7.431"/>
  <testcase classname="tests.HomePageTest" name="testNavigateToCart" time="6.064"/>
  <testcase classname="tests.HomePageTest" name="verifySearchFunctionality" time="28.193"/>
  <testcase classname="tests.HomePageTest" name="verifySearchFunctionality" time="69.587"/>
  <testcase classname="tests.HomePageTest" name="verifySearchFunctionality" time="17.612"/>
  <testcase classname="tests.HomePageTest" name="verifySearchFunctionality" time="12.484"/>
  <testcase classname="tests.HomePageTest" name="verifySearchFunctionality" time="21.097"/>
  <testcase classname="tests.HomePageTest" name="verifySearchFunctionality" time="40.983"/>
  <testcase classname="tests.HomePageTest" name="verifySearchFunctionality" time="12.204"/>
  <testcase classname="tests.HomePageTest" name="verifySearchFunctionality" time="27.256"/>
  <testcase classname="tests.HomePageTest" name="verifySearchFunctionality" time="11.417"/>
  <testcase classname="tests.HomePageTest" name="verifySearchFunctionality" time="29.179"/>
</testsuite> <!-- tests.HomePageTest -->
