<?xml version="1.0" encoding="UTF-8"?>
<!-- Generated by org.testng.reporters.JUnitReportReporter -->
<testsuite hostname="ZA-5CD350K5XK" failures="0" tests="14" name="tests.HomePageTest" time="325.009" errors="0" timestamp="2024-08-19T19:40:41 SAST" skipped="0">
  <testcase classname="tests.HomePageTest" name="verifyTitle" time="2.590"/>
  <testcase classname="tests.HomePageTest" name="verifyNavigateToRegister" time="13.602"/>
  <testcase classname="tests.HomePageTest" name="verifyNavigateToLogin" time="9.637"/>
  <testcase classname="tests.HomePageTest" name="verifyNavigateToCart" time="8.988"/>
  <testcase classname="tests.HomePageTest" name="verifySearchFunctionality" time="14.479"/>
  <testcase classname="tests.HomePageTest" name="verifySearchFunctionality" time="29.724"/>
  <testcase classname="tests.HomePageTest" name="verifySearchFunctionality" time="47.206"/>
  <testcase classname="tests.HomePageTest" name="verifySearchFunctionality" time="29.804"/>
  <testcase classname="tests.HomePageTest" name="verifySearchFunctionality" time="72.739"/>
  <testcase classname="tests.HomePageTest" name="verifySearchFunctionality" time="16.483"/>
  <testcase classname="tests.HomePageTest" name="verifySearchFunctionality" time="30.354"/>
  <testcase classname="tests.HomePageTest" name="verifySearchFunctionality" time="15.097"/>
  <testcase classname="tests.HomePageTest" name="verifySearchFunctionality" time="19.255"/>
  <testcase classname="tests.HomePageTest" name="verifySearchFunctionality" time="15.051"/>
</testsuite> <!-- tests.HomePageTest -->
