<?xml version="1.0" encoding="UTF-8"?>
<!-- Generated by org.testng.reporters.JUnitReportReporter -->
<testsuite hostname="ZA-5CD350K5XK" failures="0" tests="14" name="tests.HomePageTest" time="146.835" errors="0" timestamp="2024-08-26T09:29:52 SAST" skipped="0">
  <testcase classname="tests.HomePageTest" name="verifyTitle" time="2.050"/>
  <testcase classname="tests.HomePageTest" name="verifyNavigateToRegister" time="3.745"/>
  <testcase classname="tests.HomePageTest" name="verifyNavigateToLogin" time="2.458"/>
  <testcase classname="tests.HomePageTest" name="verifyNavigateToCart" time="5.230"/>
  <testcase classname="tests.HomePageTest" name="verifySearchFunctionality" time="23.577"/>
  <testcase classname="tests.HomePageTest" name="verifySearchFunctionality" time="8.064"/>
  <testcase classname="tests.HomePageTest" name="verifySearchFunctionality" time="11.500"/>
  <testcase classname="tests.HomePageTest" name="verifySearchFunctionality" time="7.437"/>
  <testcase classname="tests.HomePageTest" name="verifySearchFunctionality" time="12.843"/>
  <testcase classname="tests.HomePageTest" name="verifySearchFunctionality" time="8.504"/>
  <testcase classname="tests.HomePageTest" name="verifySearchFunctionality" time="22.198"/>
  <testcase classname="tests.HomePageTest" name="verifySearchFunctionality" time="22.625"/>
  <testcase classname="tests.HomePageTest" name="verifySearchFunctionality" time="9.894"/>
  <testcase classname="tests.HomePageTest" name="verifySearchFunctionality" time="6.710"/>
</testsuite> <!-- tests.HomePageTest -->
